2024-05-17 16:46:48,657 [INFO] Activator:176 - 


2024-05-17 16:46:48,674 [INFO] Activator:177 - !SESSION log4j initialized
2024-05-17 16:46:53,192 [INFO] LogOutputStream:77 - [STDOUT_REDIRECT] 
2024-05-17 16:46:54,359 [INFO] ApplicationProperties:184 - Using Application install path: C:\ST\STM32CubeIDE_1.15.1\STM32CubeIDE\plugins\com.st.stm32cube.common.mx_6.11.1.202404110753
2024-05-17 16:46:54,373 [INFO] DbMcusXml:78 - Set database path to: C:\ST\STM32CubeIDE_1.15.1\STM32CubeIDE\plugins\com.st.stm32cube.common.mx_6.11.1.202404110753\\db\/mcu/
2024-05-17 16:46:54,373 [INFO] ApiDb:274 - Set plugin database path to: C:\ST\STM32CubeIDE_1.15.1\STM32CubeIDE\plugins\com.st.stm32cube.common.mx_6.11.1.202404110753\\db\/plugins/boardmanager/
2024-05-17 16:46:54,373 [WARN] ApiDb:259 - Overriding images path with different value:  => C:\ST\STM32CubeIDE_1.15.1\STM32CubeIDE\plugins\com.st.stm32cube.common.mx_6.11.1.202404110753\\db\/plugins/mcufinder/images/
2024-05-17 16:46:54,380 [INFO] ApiDb:250 - Set database path to: C:\Users\kayon\.stmcufinder\plugins\mcufinder//mcu/
2024-05-17 16:46:54,380 [INFO] DbMcusAds:125 - Set database path to: C:\Users\kayon\.stmcufinder\plugins\mcufinder//mcu/
2024-05-17 16:46:54,381 [INFO] CrossReferenceDbSqlite:203 - Set database path to: C:\Users\kayon\.stmcufinder\plugins\mcufinder//mcu/cs/
2024-05-17 16:46:54,474 [INFO] RulesReader:64 - Compatibility file has been processed (297 Rules)
2024-05-17 16:46:54,536 [INFO] DbMcusXml:78 - Set database path to: C:\ST\STM32CubeIDE_1.15.1\STM32CubeIDE\plugins\com.st.stm32cube.common.mx_6.11.1.202404110753\\db\/mcu/
2024-05-17 16:46:54,536 [INFO] ApiDb:274 - Set plugin database path to: C:\ST\STM32CubeIDE_1.15.1\STM32CubeIDE\plugins\com.st.stm32cube.common.mx_6.11.1.202404110753\\db\/plugins/boardmanager/
2024-05-17 16:46:54,537 [INFO] ApiDb:261 - Set plugin images path to: C:\ST\STM32CubeIDE_1.15.1\STM32CubeIDE\plugins\com.st.stm32cube.common.mx_6.11.1.202404110753\\db\/plugins/mcufinder/images/
2024-05-17 16:46:54,537 [WARN] DbFile:41 - Overriding database path with different value: C:\Users\kayon\.stmcufinder\plugins\mcufinder/ => C:\Users\kayon\.stmcufinder\plugins\mcufinder
2024-05-17 16:46:54,537 [INFO] ApiDb:250 - Set database path to: C:\Users\kayon\.stmcufinder\plugins\mcufinder//mcu/
2024-05-17 16:46:54,537 [WARN] DbFile:41 - Overriding database path with different value: C:\Users\kayon\.stmcufinder\plugins\mcufinder/ => C:\Users\kayon\.stmcufinder\plugins\mcufinder
2024-05-17 16:46:54,537 [INFO] DbMcusAds:125 - Set database path to: C:\Users\kayon\.stmcufinder\plugins\mcufinder//mcu/
2024-05-17 16:46:54,537 [WARN] DbFile:41 - Overriding database path with different value: C:\Users\kayon\.stmcufinder\plugins\mcufinder/ => C:\Users\kayon\.stmcufinder\plugins\mcufinder
2024-05-17 16:46:54,537 [WARN] DbFile:41 - Overriding database path with different value: C:\Users\kayon\.stmcufinder\plugins\mcufinder/ => C:\Users\kayon\.stmcufinder\plugins\mcufinder
2024-05-17 16:46:54,537 [INFO] CrossReferenceDbSqlite:203 - Set database path to: C:\Users\kayon\.stmcufinder\plugins\mcufinder//mcu/cs/
2024-05-17 16:46:54,608 [INFO] MainPanel:264 - HeapMemory: 268435456
2024-05-17 16:46:54,681 [INFO] DbMcusXml:78 - Set database path to: C:\ST\STM32CubeIDE_1.15.1\STM32CubeIDE\plugins\com.st.stm32cube.common.mx_6.11.1.202404110753\\db\/mcu/
2024-05-17 16:46:54,681 [INFO] ApiDb:274 - Set plugin database path to: C:\ST\STM32CubeIDE_1.15.1\STM32CubeIDE\plugins\com.st.stm32cube.common.mx_6.11.1.202404110753\\db\/plugins/boardmanager/
2024-05-17 16:46:54,681 [INFO] ApiDb:261 - Set plugin images path to: C:\ST\STM32CubeIDE_1.15.1\STM32CubeIDE\plugins\com.st.stm32cube.common.mx_6.11.1.202404110753\\db\/plugins/mcufinder/images/
2024-05-17 16:46:54,681 [WARN] DbFile:41 - Overriding database path with different value: C:\Users\kayon\.stmcufinder\plugins\mcufinder/ => C:\Users\kayon\.stmcufinder\plugins\mcufinder
2024-05-17 16:46:54,681 [INFO] ApiDb:250 - Set database path to: C:\Users\kayon\.stmcufinder\plugins\mcufinder//mcu/
2024-05-17 16:46:54,681 [WARN] DbFile:41 - Overriding database path with different value: C:\Users\kayon\.stmcufinder\plugins\mcufinder/ => C:\Users\kayon\.stmcufinder\plugins\mcufinder
2024-05-17 16:46:54,682 [INFO] DbMcusAds:125 - Set database path to: C:\Users\kayon\.stmcufinder\plugins\mcufinder//mcu/
2024-05-17 16:46:54,682 [WARN] DbFile:41 - Overriding database path with different value: C:\Users\kayon\.stmcufinder\plugins\mcufinder/ => C:\Users\kayon\.stmcufinder\plugins\mcufinder
2024-05-17 16:46:54,682 [WARN] DbFile:41 - Overriding database path with different value: C:\Users\kayon\.stmcufinder\plugins\mcufinder/ => C:\Users\kayon\.stmcufinder\plugins\mcufinder
2024-05-17 16:46:54,682 [INFO] CrossReferenceDbSqlite:203 - Set database path to: C:\Users\kayon\.stmcufinder\plugins\mcufinder//mcu/cs/
2024-05-17 16:46:54,695 [INFO] ApplicationProperties:184 - Using Application install path: C:\ST\STM32CubeIDE_1.15.1\STM32CubeIDE\plugins\com.st.stm32cube.common.mx_6.11.1.202404110753
2024-05-17 16:46:54,696 [INFO] PluginManage:196 - Search for loadable plugins [exclusion list=, ]
2024-05-17 16:46:54,697 [INFO] PluginManage:310 - Check plugin analytics
2024-05-17 16:46:54,816 [INFO] AnalyticsPlugin:253 - Accepted Software Licenses: 
2024-05-17 16:46:54,816 [INFO] AnalyticsPlugin:255 - Accepted CMSIS Pack Licenses: 
2024-05-17 16:46:54,816 [INFO] AnalyticsPlugin:257 - Accepted Firmware Licenses: FW.F4.1.28.0
2024-05-17 16:46:54,819 [INFO] PluginManage:359 - Loaded plugin analytics (category:tool,tabindex:-1)
2024-05-17 16:46:54,819 [INFO] PluginManage:310 - Check plugin cadmodel
2024-05-17 16:46:54,833 [INFO] CADModel:105 - Init CAD model plugin
2024-05-17 16:46:54,833 [INFO] PluginManage:359 - Loaded plugin cadmodel (category:power,tabindex:5)
2024-05-17 16:46:54,833 [INFO] PluginManage:310 - Check plugin clock
2024-05-17 16:46:54,849 [INFO] PluginManage:359 - Loaded plugin clock (category:base,tabindex:2)
2024-05-17 16:46:54,849 [INFO] PluginManage:310 - Check plugin ddr
2024-05-17 16:46:54,851 [INFO] PluginManage:359 - Loaded plugin ddr (category:tool,tabindex:6)
2024-05-17 16:46:54,851 [INFO] PluginManage:310 - Check plugin filemanager
2024-05-17 16:46:54,950 [INFO] PluginManage:359 - Loaded plugin filemanager (category:base,tabindex:10)
2024-05-17 16:46:54,950 [INFO] PluginManage:310 - Check plugin ipmanager
2024-05-17 16:46:54,955 [INFO] PluginManage:359 - Loaded plugin ipmanager (category:base,tabindex:5)
2024-05-17 16:46:54,955 [INFO] PluginManage:310 - Check plugin lpbam
2024-05-17 16:46:54,971 [INFO] PluginManage:359 - Loaded plugin lpbam (category:base,tabindex:0)
2024-05-17 16:46:54,972 [INFO] PluginManage:310 - Check plugin memorymap
2024-05-17 16:46:54,993 [INFO] PluginManage:359 - Loaded plugin memorymap (category:base,tabindex:4)
2024-05-17 16:46:54,993 [INFO] PluginManage:310 - Check plugin pinoutandconfiguration
2024-05-17 16:46:55,008 [INFO] PluginManage:359 - Loaded plugin pinoutandconfiguration (category:base,tabindex:1)
2024-05-17 16:46:55,009 [INFO] PluginManage:310 - Check plugin pinoutconfig
2024-05-17 16:46:55,092 [WARN] SupportedApi:132 - Cannot load RTOS API schema: s4s-elt-must-match.1: The content of 'definitions' must match (annotation?, (simpleType | complexType)?, (unique | key | keyref)*)). A problem was found starting at: attribute.
2024-05-17 16:46:55,196 [INFO] PluginManage:359 - Loaded plugin pinoutconfig (category:base,tabindex:0)
2024-05-17 16:46:55,196 [INFO] PluginManage:310 - Check plugin power
2024-05-17 16:46:55,213 [INFO] PluginManage:359 - Loaded plugin power (category:power,tabindex:4)
2024-05-17 16:46:55,213 [INFO] PluginManage:310 - Check plugin projectmanager
2024-05-17 16:46:55,225 [INFO] PluginManage:359 - Loaded plugin projectmanager (category:projectmanager,tabindex:3)
2024-05-17 16:46:55,225 [INFO] PluginManage:310 - Check plugin thirdparty
2024-05-17 16:46:55,426 [INFO] PluginManage:359 - Loaded plugin thirdparty (category:base,tabindex:-1)
2024-05-17 16:46:55,426 [WARN] IntegrityCheckThread:84 - waiting for thirdparty lock release [integrity check]
2024-05-17 16:46:55,426 [INFO] PluginManage:310 - Check plugin tools
2024-05-17 16:46:55,426 [INFO] IntegrityCheckThread:86 - entering critical section [integrity check]
2024-05-17 16:46:55,426 [INFO] ThirdPartyUpdaterWithRetryManager:70 - Updater plugin not ready yet. [1/15]
2024-05-17 16:46:55,447 [INFO] PluginManage:359 - Loaded plugin tools (category:base,tabindex:7)
2024-05-17 16:46:55,447 [INFO] PluginManage:310 - Check plugin tutovideos
2024-05-17 16:46:55,594 [INFO] PluginManage:359 - Loaded plugin tutovideos (category:base,tabindex:-1)
2024-05-17 16:46:55,594 [INFO] PluginManage:310 - Check plugin updater
2024-05-17 16:46:55,604 [INFO] PluginManage:359 - Loaded plugin updater (category:base,tabindex:12)
2024-05-17 16:46:55,604 [INFO] PluginManage:310 - Check plugin userauth
2024-05-17 16:46:55,610 [INFO] UserAuth:114 - Init User Auth plugin
2024-05-17 16:46:55,610 [INFO] PluginManage:359 - Loaded plugin userauth (category:base,tabindex:14)
2024-05-17 16:46:55,610 [INFO] PluginManage:283 - PluginManage : Loaded plugins [17]
2024-05-17 16:46:55,786 [INFO] PinOutPanel:1561 - setPackage(No Configuration,No Configuration)
2024-05-17 16:46:55,842 [INFO] CADModel:165 - CPN selected for project level
2024-05-17 16:46:55,843 [INFO] CADModel:114 - Register for checkConnection events
2024-05-17 16:46:55,863 [INFO] IPUIPlugin:80 - create IPUIPlugin
2024-05-17 16:46:55,863 [INFO] PluginManager:220 - loadIPPluginJar : add adc
2024-05-17 16:46:55,891 [INFO] IPUIPlugin:80 - create IPUIPlugin
2024-05-17 16:46:55,891 [INFO] PluginManager:220 - loadIPPluginJar : add aes
2024-05-17 16:46:55,919 [INFO] IPUIPlugin:80 - create IPUIPlugin
2024-05-17 16:46:55,919 [INFO] PluginManager:220 - loadIPPluginJar : add can
2024-05-17 16:46:55,937 [INFO] IPUIPlugin:80 - create IPUIPlugin
2024-05-17 16:46:55,937 [INFO] PluginManager:220 - loadIPPluginJar : add comp
2024-05-17 16:46:55,959 [INFO] IPUIPlugin:80 - create IPUIPlugin
2024-05-17 16:46:55,959 [INFO] PluginManager:220 - loadIPPluginJar : add cryp
2024-05-17 16:46:55,978 [INFO] IPUIPlugin:80 - create IPUIPlugin
2024-05-17 16:46:55,978 [INFO] PluginManager:220 - loadIPPluginJar : add dfsdm
2024-05-17 16:46:55,988 [INFO] IPUIPlugin:80 - create IPUIPlugin
2024-05-17 16:46:55,988 [INFO] PluginManager:220 - loadIPPluginJar : add dma
2024-05-17 16:46:56,016 [INFO] IPUIPlugin:80 - create IPUIPlugin
2024-05-17 16:46:56,016 [INFO] PluginManager:220 - loadIPPluginJar : add dma3
2024-05-17 16:46:56,052 [INFO] IPUIPlugin:80 - create IPUIPlugin
2024-05-17 16:46:56,052 [INFO] PluginManager:220 - loadIPPluginJar : add extmemmanager
2024-05-17 16:46:56,066 [INFO] IPUIPlugin:80 - create IPUIPlugin
2024-05-17 16:46:56,066 [INFO] PluginManager:220 - loadIPPluginJar : add fatfs
2024-05-17 16:46:56,096 [INFO] IPUIPlugin:80 - create IPUIPlugin
2024-05-17 16:46:56,097 [INFO] PluginManager:220 - loadIPPluginJar : add fmc
2024-05-17 16:46:56,109 [INFO] IPUIPlugin:80 - create IPUIPlugin
2024-05-17 16:46:56,110 [INFO] PluginManager:220 - loadIPPluginJar : add freertos
2024-05-17 16:46:56,124 [INFO] IPUIPlugin:80 - create IPUIPlugin
2024-05-17 16:46:56,125 [INFO] PluginManager:220 - loadIPPluginJar : add genericplugin
2024-05-17 16:46:56,183 [INFO] IPUIPlugin:80 - create IPUIPlugin
2024-05-17 16:46:56,183 [INFO] PluginManager:220 - loadIPPluginJar : add gfxmmu
2024-05-17 16:46:56,264 [INFO] IPUIPlugin:80 - create IPUIPlugin
2024-05-17 16:46:56,264 [INFO] PluginManager:220 - loadIPPluginJar : add gic
2024-05-17 16:46:56,275 [INFO] IPUIPlugin:80 - create IPUIPlugin
2024-05-17 16:46:56,275 [INFO] PluginManager:220 - loadIPPluginJar : add gpio
2024-05-17 16:46:56,331 [INFO] IPUIPlugin:80 - create IPUIPlugin
2024-05-17 16:46:56,332 [INFO] PluginManager:220 - loadIPPluginJar : add gtzc
2024-05-17 16:46:56,351 [INFO] IPUIPlugin:80 - create IPUIPlugin
2024-05-17 16:46:56,351 [INFO] PluginManager:220 - loadIPPluginJar : add hash
2024-05-17 16:46:56,387 [INFO] IPUIPlugin:80 - create IPUIPlugin
2024-05-17 16:46:56,387 [INFO] PluginManager:220 - loadIPPluginJar : add i2c
2024-05-17 16:46:56,411 [INFO] IPUIPlugin:80 - create IPUIPlugin
2024-05-17 16:46:56,411 [INFO] PluginManager:220 - loadIPPluginJar : add i2s
2024-05-17 16:46:56,436 [INFO] IPUIPlugin:80 - create IPUIPlugin
2024-05-17 16:46:56,436 [INFO] PluginManager:220 - loadIPPluginJar : add i3c
2024-05-17 16:46:56,496 [INFO] IPUIPlugin:80 - create IPUIPlugin
2024-05-17 16:46:56,496 [INFO] PluginManager:220 - loadIPPluginJar : add ipddr
2024-05-17 16:46:56,553 [INFO] IPUIPlugin:80 - create IPUIPlugin
2024-05-17 16:46:56,553 [INFO] PluginManager:220 - loadIPPluginJar : add linkedlist
2024-05-17 16:46:56,577 [INFO] IPUIPlugin:80 - create IPUIPlugin
2024-05-17 16:46:56,577 [INFO] PluginManager:220 - loadIPPluginJar : add lorawan
2024-05-17 16:46:56,601 [INFO] IPUIPlugin:80 - create IPUIPlugin
2024-05-17 16:46:56,602 [INFO] PluginManager:220 - loadIPPluginJar : add ltdc
2024-05-17 16:46:56,613 [INFO] IPUIPlugin:80 - create IPUIPlugin
2024-05-17 16:46:56,613 [INFO] PluginManager:220 - loadIPPluginJar : add mdma
2024-05-17 16:46:56,623 [INFO] IPUIPlugin:80 - create IPUIPlugin
2024-05-17 16:46:56,623 [INFO] PluginManager:220 - loadIPPluginJar : add nvic
2024-05-17 16:46:56,647 [INFO] IPUIPlugin:80 - create IPUIPlugin
2024-05-17 16:46:56,647 [INFO] PluginManager:220 - loadIPPluginJar : add opamp
2024-05-17 16:46:56,686 [INFO] IPUIPlugin:80 - create IPUIPlugin
2024-05-17 16:46:56,686 [INFO] PluginManager:220 - loadIPPluginJar : add openamp
2024-05-17 16:46:56,711 [INFO] IPUIPlugin:80 - create IPUIPlugin
2024-05-17 16:46:56,712 [INFO] PluginManager:220 - loadIPPluginJar : add pdm2pcm
2024-05-17 16:46:56,723 [INFO] IPUIPlugin:80 - create IPUIPlugin
2024-05-17 16:46:56,724 [INFO] PluginManager:220 - loadIPPluginJar : add plateformsettings
2024-05-17 16:46:56,739 [INFO] IPUIPlugin:80 - create IPUIPlugin
2024-05-17 16:46:56,739 [INFO] PluginManager:220 - loadIPPluginJar : add quadspi
2024-05-17 16:46:56,749 [INFO] IPUIPlugin:80 - create IPUIPlugin
2024-05-17 16:46:56,749 [INFO] PluginManager:220 - loadIPPluginJar : add resmgrutility
2024-05-17 16:46:56,779 [INFO] IPUIPlugin:80 - create IPUIPlugin
2024-05-17 16:46:56,779 [INFO] PluginManager:220 - loadIPPluginJar : add sai
2024-05-17 16:46:56,805 [INFO] IPUIPlugin:80 - create IPUIPlugin
2024-05-17 16:46:56,805 [INFO] PluginManager:220 - loadIPPluginJar : add spi
2024-05-17 16:46:56,846 [INFO] IPUIPlugin:80 - create IPUIPlugin
2024-05-17 16:46:56,846 [INFO] PluginManager:220 - loadIPPluginJar : add stm32_wpan
2024-05-17 16:46:56,863 [INFO] IPUIPlugin:80 - create IPUIPlugin
2024-05-17 16:46:56,863 [INFO] PluginManager:220 - loadIPPluginJar : add tim
2024-05-17 16:46:56,900 [INFO] IPUIPlugin:80 - create IPUIPlugin
2024-05-17 16:46:56,900 [INFO] PluginManager:220 - loadIPPluginJar : add touchsensing
2024-05-17 16:46:56,914 [INFO] IPUIPlugin:80 - create IPUIPlugin
2024-05-17 16:46:56,914 [INFO] PluginManager:220 - loadIPPluginJar : add tracer_emb
2024-05-17 16:46:56,929 [INFO] IPUIPlugin:80 - create IPUIPlugin
2024-05-17 16:46:56,929 [INFO] PluginManager:220 - loadIPPluginJar : add ts
2024-05-17 16:46:56,942 [INFO] IPUIPlugin:80 - create IPUIPlugin
2024-05-17 16:46:56,942 [INFO] PluginManager:220 - loadIPPluginJar : add tsc
2024-05-17 16:46:56,956 [INFO] IPUIPlugin:80 - create IPUIPlugin
2024-05-17 16:46:56,956 [INFO] PluginManager:220 - loadIPPluginJar : add ucpd
2024-05-17 16:46:56,983 [INFO] IPUIPlugin:80 - create IPUIPlugin
2024-05-17 16:46:56,984 [INFO] PluginManager:220 - loadIPPluginJar : add usart
2024-05-17 16:46:57,011 [INFO] IPUIPlugin:80 - create IPUIPlugin
2024-05-17 16:46:57,011 [INFO] PluginManager:220 - loadIPPluginJar : add usbx
2024-05-17 16:46:57,149 [INFO] CADModel:165 - CPN selected for project level
2024-05-17 16:46:57,149 [INFO] CADModel:114 - Register for checkConnection events
2024-05-17 16:46:57,150 [FATAL] Updater:308 - Updater called before beeing initialized
2024-05-17 16:46:57,150 [ERROR] CADModel:125 - Updater not yet initialized, retry later 
2024-05-17 16:46:57,275 [INFO] CADModel:165 - CPN selected for project level
2024-05-17 16:46:57,276 [INFO] CADModel:114 - Register for checkConnection events
2024-05-17 16:46:57,276 [FATAL] Updater:308 - Updater called before beeing initialized
2024-05-17 16:46:57,276 [ERROR] CADModel:125 - Updater not yet initialized, retry later 
2024-05-17 16:46:57,278 [FATAL] Updater:308 - Updater called before beeing initialized
2024-05-17 16:46:57,353 [FATAL] Updater:308 - Updater called before beeing initialized
2024-05-17 16:46:57,360 [INFO] DbMcusAds:53 - JSON generation date=Thu Sep 30 14:55:09 SGT 2021 (1632984909247)
2024-05-17 16:46:57,360 [FATAL] Updater:308 - Updater called before beeing initialized
2024-05-17 16:46:57,423 [WARN] DetailPanel:346 - Failed to get advertising image, set to default
2024-05-17 16:46:57,479 [FATAL] Updater:308 - Updater called before beeing initialized
2024-05-17 16:46:57,481 [FATAL] Updater:308 - Updater called before beeing initialized
2024-05-17 16:46:57,481 [FATAL] Updater:308 - Updater called before beeing initialized
2024-05-17 16:46:57,481 [WARN] DetailPanel:346 - Failed to get advertising image, set to default
2024-05-17 16:46:57,482 [FATAL] Updater:308 - Updater called before beeing initialized
2024-05-17 16:46:57,527 [ERROR] Updater:1120 - MainUpdater not yet initialized. External WinMGr cannot be set.
2024-05-17 16:46:57,534 [INFO] Updater:1056 - Updater Version found : 6.11.1
2024-05-17 16:46:57,552 [INFO] ApplicationProperties:184 - Using Application install path: C:\ST\STM32CubeIDE_1.15.1\STM32CubeIDE\plugins\com.st.stm32cube.common.mx_6.11.1.202404110753
2024-05-17 16:46:58,427 [INFO] ThirdPartyUpdaterWithRetryManager:70 - Updater plugin not ready yet. [2/15]
2024-05-17 16:46:59,142 [ERROR] LogOutputStream:75 - [STDERR_REDIRECT] May 17, 2024 4:46:59 PM java.util.prefs.WindowsPreferences <init>
2024-05-17 16:46:59,143 [ERROR] LogOutputStream:75 - [STDERR_REDIRECT] WARNING: Could not open/create prefs root node Software\JavaSoft\Prefs at root 0xffffffff80000002. Windows RegCreateKeyEx(...) returned error code 5.
2024-05-17 16:46:59,143 [ERROR] LogOutputStream:75 - [STDERR_REDIRECT] 
2024-05-17 16:46:59,397 [INFO] MainUpdater:2873 - connection check result : 10
2024-05-17 16:46:59,398 [INFO] MainUpdater:290 - Updater Check For Update Now.
2024-05-17 16:46:59,398 [INFO] MicroXplorer:498 - Change Database Version : DB.6.0.111
2024-05-17 16:46:59,411 [INFO] McuFinderGlobals:63 - Set McuFinder mode to 2 (CubeIDE integrated)
2024-05-17 16:46:59,411 [INFO] UserAuth:179 - activating auth plugin
2024-05-17 16:46:59,414 [INFO] UserAuth:415 - Internet connection configuration mode: 1
2024-05-17 16:46:59,451 [INFO] JxBrowserEngine:152 - Initiate JxBrowser Engine with user profile folder
2024-05-17 16:46:59,577 [INFO] CheckServerUpdateThread:120 - End of CheckServer Thread
2024-05-17 16:47:01,556 [WARN] PackLoader:240 - Cannot read IP mode file for STMicroelectronics.FP-SNS-MOTENVWB1.1.4.0
2024-05-17 16:47:01,567 [WARN] PackLoader:240 - Cannot read IP mode file for STMicroelectronics.X-CUBE-SMBUS.2.1.0
2024-05-17 16:47:01,576 [WARN] PackLoader:240 - Cannot read IP mode file for STMicroelectronics.X-CUBE-TOUCHGFX.4.23.2
2024-05-17 16:47:01,628 [WARN] PackLoader:240 - Cannot read IP mode file for STMicroelectronics.X-CUBE-AZRTOS-F7.1.1.0
2024-05-17 16:47:01,649 [WARN] PackLoader:240 - Cannot read IP mode file for STMicroelectronics.FP-SNS-FLIGHT1.5.0.2
2024-05-17 16:47:01,675 [WARN] PackLoader:240 - Cannot read IP mode file for STMicroelectronics.X-CUBE-DISPLAY.3.0.0
2024-05-17 16:47:01,694 [WARN] PackLoader:240 - Cannot read IP mode file for STMicroelectronics.X-CUBE-BLE1.7.0.0
2024-05-17 16:47:01,705 [WARN] PackLoader:240 - Cannot read IP mode file for emotas.I-CUBE-CANOPEN.1.3.0
2024-05-17 16:47:01,720 [WARN] PackLoader:240 - Cannot read IP mode file for STMicroelectronics.X-CUBE-BLEMGR.3.1.0
2024-05-17 16:47:01,731 [WARN] PackLoader:240 - Cannot read IP mode file for STMicroelectronics.FP-SNS-SMARTAG2.1.2.0
2024-05-17 16:47:01,744 [INFO] LogOutputStream:77 - [STDOUT_REDIRECT] 1 : Invalid condition id : UX_CORESTACK_Condition cause : null
2024-05-17 16:47:01,745 [INFO] LogOutputStream:77 - [STDOUT_REDIRECT] 1 : Invalid condition id : UX_CORESTACK_Condition cause : null
2024-05-17 16:47:01,746 [INFO] LogOutputStream:77 - [STDOUT_REDIRECT] 1 : Invalid condition id : UX_CORESTACK_Condition cause : null
2024-05-17 16:47:01,747 [INFO] LogOutputStream:77 - [STDOUT_REDIRECT] 1 : Invalid condition id : UX_CORESTACK_Condition cause : null
2024-05-17 16:47:01,747 [INFO] LogOutputStream:77 - [STDOUT_REDIRECT] 1 : Invalid condition id : UX_CORESTACK_Condition cause : null
2024-05-17 16:47:01,748 [WARN] PackLoader:240 - Cannot read IP mode file for STMicroelectronics.X-CUBE-AZRTOS-WL.2.0.0
2024-05-17 16:47:01,758 [WARN] PackLoader:240 - Cannot read IP mode file for STMicroelectronics.FP-SNS-MOTENV1.5.0.0
2024-05-17 16:47:01,770 [WARN] PackLoader:240 - Cannot read IP mode file for WES.I-CUBE-Cesium.1.3.0
2024-05-17 16:47:01,779 [WARN] PackLoader:240 - Cannot read IP mode file for STMicroelectronics.X-CUBE-BLE2.3.3.0
2024-05-17 16:47:01,789 [WARN] PackLoader:240 - Cannot read IP mode file for STMicroelectronics.X-CUBE-TCPP.4.1.0
2024-05-17 16:47:01,818 [WARN] PackLoader:240 - Cannot read IP mode file for STMicroelectronics.X-CUBE-AZRTOS-G0.1.1.0
2024-05-17 16:47:01,837 [WARN] PackLoader:240 - Cannot read IP mode file for STMicroelectronics.X-CUBE-SAFEA1.1.2.2
2024-05-17 16:47:01,849 [WARN] PackLoader:240 - Cannot read IP mode file for STMicroelectronics.X-CUBE-NFC4.3.0.0
2024-05-17 16:47:01,860 [WARN] PackLoader:240 - Cannot read IP mode file for wolfSSL.I-CUBE-wolfSSL.5.7.0
2024-05-17 16:47:01,869 [WARN] PackLoader:240 - Cannot read IP mode file for STMicroelectronics.FP-ATR-SIGFOX1.3.2.0
2024-05-17 16:47:01,880 [WARN] PackLoader:240 - Cannot read IP mode file for STMicroelectronics.X-CUBE-EEPRMA1.5.1.0
2024-05-17 16:47:01,891 [WARN] PackLoader:240 - Cannot read IP mode file for ITTIA_DB.I-CUBE-ITTIADB.8.9.0
2024-05-17 16:47:01,900 [WARN] PackLoader:240 - Cannot read IP mode file for STMicroelectronics.X-CUBE-ALGOBUILD.1.4.0
2024-05-17 16:47:01,910 [WARN] PackLoader:240 - Cannot read IP mode file for STMicroelectronics.X-CUBE-GNSS1.6.0.0
2024-05-17 16:47:01,931 [WARN] PackLoader:240 - Cannot read IP mode file for STMicroelectronics.X-CUBE-AZRTOS-F4.1.1.0
2024-05-17 16:47:01,943 [WARN] PackLoader:240 - Cannot read IP mode file for STMicroelectronics.X-CUBE-FREERTOS.1.2.0
2024-05-17 16:47:01,961 [WARN] PackLoader:240 - Cannot read IP mode file for STMicroelectronics.X-CUBE-AZRTOS-L5.2.0.0
2024-05-17 16:47:01,973 [WARN] PackLoader:240 - Cannot read IP mode file for STMicroelectronics.X-CUBE-NFC6.3.1.0
2024-05-17 16:47:01,984 [WARN] PackLoader:240 - Cannot read IP mode file for STMicroelectronics.X-CUBE-AI.9.0.0
2024-05-17 16:47:01,994 [WARN] PackLoader:240 - Cannot read IP mode file for STMicroelectronics.X-CUBE-NFC7.1.0.1
2024-05-17 16:47:02,016 [WARN] ConditionMgr:438 - getConditionDescription Invalid condition id : LAN8742 Phy interface Condition cause : null
2024-05-17 16:47:02,017 [WARN] PackLoader:240 - Cannot read IP mode file for STMicroelectronics.X-CUBE-AZRTOS-L4.2.0.0
2024-05-17 16:47:02,018 [WARN] ConditionMgr:1039 - genDependencies : Invalid condition id : LAN8742 Phy interface Condition cause : null
2024-05-17 16:47:02,018 [WARN] ConditionMgr:1039 - genDependencies : Invalid condition id : LAN8742 Phy interface Condition cause : null
2024-05-17 16:47:02,018 [WARN] ConditionMgr:1039 - genDependencies : Invalid condition id : LAN8742 Phy interface Condition cause : null
2024-05-17 16:47:02,029 [WARN] PackLoader:240 - Cannot read IP mode file for STMicroelectronics.X-CUBE-SFXS2LP1.4.0.0
2024-05-17 16:47:02,050 [WARN] ConditionMgr:438 - getConditionDescription Invalid condition id : UX DEVICE CLASS RTOS Condition cause : null
2024-05-17 16:47:02,050 [WARN] ConditionMgr:438 - getConditionDescription Invalid condition id : UX DEVICE CLASS RTOS Condition cause : null
2024-05-17 16:47:02,051 [WARN] PackLoader:240 - Cannot read IP mode file for STMicroelectronics.X-CUBE-AZRTOS-WB.2.0.0
2024-05-17 16:47:02,052 [WARN] ConditionMgr:1039 - genDependencies : Invalid condition id : UX DEVICE CLASS RTOS Condition cause : null
2024-05-17 16:47:02,052 [WARN] ConditionMgr:1039 - genDependencies : Invalid condition id : UX DEVICE CLASS RTOS Condition cause : null
2024-05-17 16:47:02,053 [WARN] ConditionMgr:1039 - genDependencies : Invalid condition id : UX DEVICE CLASS RTOS Condition cause : null
2024-05-17 16:47:02,053 [WARN] ConditionMgr:1039 - genDependencies : Invalid condition id : UX DEVICE CLASS RTOS Condition cause : null
2024-05-17 16:47:02,053 [WARN] ConditionMgr:1039 - genDependencies : Invalid condition id : UX DEVICE CLASS RTOS Condition cause : null
2024-05-17 16:47:02,070 [WARN] PackLoader:240 - Cannot read IP mode file for STMicroelectronics.X-CUBE-SUBG2.5.0.0
2024-05-17 16:47:02,082 [WARN] PackLoader:240 - Cannot read IP mode file for Cesanta.I-CUBE-Mongoose.7.13.0
2024-05-17 16:47:02,101 [WARN] PackLoader:240 - Cannot read IP mode file for STMicroelectronics.X-CUBE-AZRTOS-G4.2.0.0
2024-05-17 16:47:02,121 [WARN] PackLoader:240 - Cannot read IP mode file for STMicroelectronics.X-CUBE-ISPU.2.0.0
2024-05-17 16:47:02,194 [WARN] PackLoader:240 - Cannot read IP mode file for STMicroelectronics.X-CUBE-MEMS1.10.0.0
2024-05-17 16:47:02,278 [WARN] PackLoader:240 - Cannot read IP mode file for portGmbH.I-Cube-SoM-uGOAL.1.1.0
2024-05-17 16:47:02,287 [WARN] PackLoader:240 - Cannot read IP mode file for STMicroelectronics.X-CUBE-ALS.1.0.1
2024-05-17 16:47:02,309 [WARN] PackLoader:240 - Cannot read IP mode file for STMicroelectronics.X-CUBE-AZRTOS-H7RS.1.0.0
2024-05-17 16:47:02,325 [WARN] PackLoader:240 - Cannot read IP mode file for STMicroelectronics.FP-ATR-ASTRA1.2.0.0
2024-05-17 16:47:02,379 [WARN] PackLoader:240 - Cannot read IP mode file for STMicroelectronics.X-CUBE-TOF1.3.4.1
2024-05-17 16:47:02,407 [WARN] PackLoader:240 - Cannot read IP mode file for STMicroelectronics.X-CUBE-AZRTOS-H7.3.2.0
2024-05-17 16:47:02,428 [WARN] PackLoader:240 - Cannot read IP mode file for Infineon.AIROC-Wi-Fi-Bluetooth-STM32.1.6.0
2024-05-17 16:47:02,431 [INFO] ThirdParty:978 - Integrity check success = true
2024-05-17 16:47:02,431 [INFO] IntegrityCheckThread:100 - exiting critical section [integrity check]
2024-05-17 16:47:02,431 [INFO] IntegrityCheckThread:103 - End integrity checks thread
2024-05-17 16:47:02,780 [INFO] WebApp:161 - Instantiating new browser for Auth
2024-05-17 16:47:03,257 [INFO] WebApp:779 - Register for checkConnection events
2024-05-17 16:47:03,257 [INFO] WebApp:414 - Apply proxy settings
2024-05-17 16:47:03,258 [INFO] WebApp:499 - Chromium requires no authentication
2024-05-17 16:47:03,263 [INFO] WebApp:442 - Direct internet connection detected
2024-05-17 16:47:03,375 [INFO] WebApp:192 - Starting web application
2024-05-17 16:47:03,375 [INFO] WebApp:544 - Web application path used C:\ST\STM32CubeIDE_1.15.1\STM32CubeIDE\plugins\com.st.stm32cube.common.mx_6.11.1.202404110753\db\plugins\mcufinder\reactClient1\index.html
2024-05-17 16:56:37,305 [ERROR] LogOutputStream:75 - [STDERR_REDIRECT] SLF4J: Failed to load class "org.slf4j.impl.StaticLoggerBinder".
2024-05-17 16:56:37,306 [ERROR] LogOutputStream:75 - [STDERR_REDIRECT] SLF4J: Defaulting to no-operation (NOP) logger implementation
2024-05-17 16:56:37,307 [ERROR] LogOutputStream:75 - [STDERR_REDIRECT] SLF4J: See http://www.slf4j.org/codes.html#StaticLoggerBinder for further details.
2024-05-17 17:02:33,411 [ERROR] LogOutputStream:75 - [STDERR_REDIRECT] 
2024-05-17 17:02:39,159 [INFO] Activator:176 - 


2024-05-17 17:02:39,160 [INFO] Activator:177 - !SESSION log4j initialized
2024-05-17 17:02:42,579 [INFO] LogOutputStream:77 - [STDOUT_REDIRECT] 
2024-05-17 17:02:43,172 [INFO] ApplicationProperties:184 - Using Application install path: C:\ST\STM32CubeIDE_1.15.1\STM32CubeIDE\plugins\com.st.stm32cube.common.mx_6.11.1.202404110753
2024-05-17 17:02:43,206 [INFO] DbMcusXml:78 - Set database path to: C:\ST\STM32CubeIDE_1.15.1\STM32CubeIDE\plugins\com.st.stm32cube.common.mx_6.11.1.202404110753\\db\/mcu/
2024-05-17 17:02:43,206 [INFO] ApiDb:274 - Set plugin database path to: C:\ST\STM32CubeIDE_1.15.1\STM32CubeIDE\plugins\com.st.stm32cube.common.mx_6.11.1.202404110753\\db\/plugins/boardmanager/
2024-05-17 17:02:43,207 [WARN] ApiDb:259 - Overriding images path with different value:  => C:\ST\STM32CubeIDE_1.15.1\STM32CubeIDE\plugins\com.st.stm32cube.common.mx_6.11.1.202404110753\\db\/plugins/mcufinder/images/
2024-05-17 17:02:43,216 [INFO] ApiDb:250 - Set database path to: C:\Users\kayon\.stmcufinder\plugins\mcufinder//mcu/
2024-05-17 17:02:43,218 [INFO] DbMcusAds:125 - Set database path to: C:\Users\kayon\.stmcufinder\plugins\mcufinder//mcu/
2024-05-17 17:02:43,221 [INFO] CrossReferenceDbSqlite:203 - Set database path to: C:\Users\kayon\.stmcufinder\plugins\mcufinder//mcu/cs/
2024-05-17 17:02:43,377 [INFO] RulesReader:64 - Compatibility file has been processed (297 Rules)
2024-05-17 17:02:43,447 [INFO] DbMcusXml:78 - Set database path to: C:\ST\STM32CubeIDE_1.15.1\STM32CubeIDE\plugins\com.st.stm32cube.common.mx_6.11.1.202404110753\\db\/mcu/
2024-05-17 17:02:43,447 [INFO] ApiDb:274 - Set plugin database path to: C:\ST\STM32CubeIDE_1.15.1\STM32CubeIDE\plugins\com.st.stm32cube.common.mx_6.11.1.202404110753\\db\/plugins/boardmanager/
2024-05-17 17:02:43,447 [INFO] ApiDb:261 - Set plugin images path to: C:\ST\STM32CubeIDE_1.15.1\STM32CubeIDE\plugins\com.st.stm32cube.common.mx_6.11.1.202404110753\\db\/plugins/mcufinder/images/
2024-05-17 17:02:43,447 [WARN] DbFile:41 - Overriding database path with different value: C:\Users\kayon\.stmcufinder\plugins\mcufinder/ => C:\Users\kayon\.stmcufinder\plugins\mcufinder
2024-05-17 17:02:43,448 [INFO] ApiDb:250 - Set database path to: C:\Users\kayon\.stmcufinder\plugins\mcufinder//mcu/
2024-05-17 17:02:43,448 [WARN] DbFile:41 - Overriding database path with different value: C:\Users\kayon\.stmcufinder\plugins\mcufinder/ => C:\Users\kayon\.stmcufinder\plugins\mcufinder
2024-05-17 17:02:43,448 [INFO] DbMcusAds:125 - Set database path to: C:\Users\kayon\.stmcufinder\plugins\mcufinder//mcu/
2024-05-17 17:02:43,448 [WARN] DbFile:41 - Overriding database path with different value: C:\Users\kayon\.stmcufinder\plugins\mcufinder/ => C:\Users\kayon\.stmcufinder\plugins\mcufinder
2024-05-17 17:02:43,448 [WARN] DbFile:41 - Overriding database path with different value: C:\Users\kayon\.stmcufinder\plugins\mcufinder/ => C:\Users\kayon\.stmcufinder\plugins\mcufinder
2024-05-17 17:02:43,448 [INFO] CrossReferenceDbSqlite:203 - Set database path to: C:\Users\kayon\.stmcufinder\plugins\mcufinder//mcu/cs/
2024-05-17 17:02:43,496 [INFO] MainPanel:264 - HeapMemory: 268435456
2024-05-17 17:02:43,540 [INFO] DbMcusXml:78 - Set database path to: C:\ST\STM32CubeIDE_1.15.1\STM32CubeIDE\plugins\com.st.stm32cube.common.mx_6.11.1.202404110753\\db\/mcu/
2024-05-17 17:02:43,540 [INFO] ApiDb:274 - Set plugin database path to: C:\ST\STM32CubeIDE_1.15.1\STM32CubeIDE\plugins\com.st.stm32cube.common.mx_6.11.1.202404110753\\db\/plugins/boardmanager/
2024-05-17 17:02:43,540 [INFO] ApiDb:261 - Set plugin images path to: C:\ST\STM32CubeIDE_1.15.1\STM32CubeIDE\plugins\com.st.stm32cube.common.mx_6.11.1.202404110753\\db\/plugins/mcufinder/images/
2024-05-17 17:02:43,541 [WARN] DbFile:41 - Overriding database path with different value: C:\Users\kayon\.stmcufinder\plugins\mcufinder/ => C:\Users\kayon\.stmcufinder\plugins\mcufinder
2024-05-17 17:02:43,541 [INFO] ApiDb:250 - Set database path to: C:\Users\kayon\.stmcufinder\plugins\mcufinder//mcu/
2024-05-17 17:02:43,541 [WARN] DbFile:41 - Overriding database path with different value: C:\Users\kayon\.stmcufinder\plugins\mcufinder/ => C:\Users\kayon\.stmcufinder\plugins\mcufinder
2024-05-17 17:02:43,541 [INFO] DbMcusAds:125 - Set database path to: C:\Users\kayon\.stmcufinder\plugins\mcufinder//mcu/
2024-05-17 17:02:43,541 [WARN] DbFile:41 - Overriding database path with different value: C:\Users\kayon\.stmcufinder\plugins\mcufinder/ => C:\Users\kayon\.stmcufinder\plugins\mcufinder
2024-05-17 17:02:43,541 [WARN] DbFile:41 - Overriding database path with different value: C:\Users\kayon\.stmcufinder\plugins\mcufinder/ => C:\Users\kayon\.stmcufinder\plugins\mcufinder
2024-05-17 17:02:43,541 [INFO] CrossReferenceDbSqlite:203 - Set database path to: C:\Users\kayon\.stmcufinder\plugins\mcufinder//mcu/cs/
2024-05-17 17:02:43,552 [INFO] ApplicationProperties:184 - Using Application install path: C:\ST\STM32CubeIDE_1.15.1\STM32CubeIDE\plugins\com.st.stm32cube.common.mx_6.11.1.202404110753
2024-05-17 17:02:43,553 [INFO] PluginManage:196 - Search for loadable plugins [exclusion list=, ]
2024-05-17 17:02:43,553 [INFO] PluginManage:310 - Check plugin analytics
2024-05-17 17:02:43,666 [INFO] AnalyticsPlugin:253 - Accepted Software Licenses: 
2024-05-17 17:02:43,666 [INFO] AnalyticsPlugin:255 - Accepted CMSIS Pack Licenses: 
2024-05-17 17:02:43,667 [INFO] AnalyticsPlugin:257 - Accepted Firmware Licenses: FW.F4.1.28.0
2024-05-17 17:02:43,670 [INFO] PluginManage:359 - Loaded plugin analytics (category:tool,tabindex:-1)
2024-05-17 17:02:43,670 [INFO] PluginManage:310 - Check plugin cadmodel
2024-05-17 17:02:43,673 [INFO] CADModel:105 - Init CAD model plugin
2024-05-17 17:02:43,673 [INFO] PluginManage:359 - Loaded plugin cadmodel (category:power,tabindex:5)
2024-05-17 17:02:43,673 [INFO] PluginManage:310 - Check plugin clock
2024-05-17 17:02:43,679 [INFO] PluginManage:359 - Loaded plugin clock (category:base,tabindex:2)
2024-05-17 17:02:43,679 [INFO] PluginManage:310 - Check plugin ddr
2024-05-17 17:02:43,680 [INFO] PluginManage:359 - Loaded plugin ddr (category:tool,tabindex:6)
2024-05-17 17:02:43,681 [INFO] PluginManage:310 - Check plugin filemanager
2024-05-17 17:02:43,774 [INFO] PluginManage:359 - Loaded plugin filemanager (category:base,tabindex:10)
2024-05-17 17:02:43,774 [INFO] PluginManage:310 - Check plugin ipmanager
2024-05-17 17:02:43,779 [INFO] PluginManage:359 - Loaded plugin ipmanager (category:base,tabindex:5)
2024-05-17 17:02:43,779 [INFO] PluginManage:310 - Check plugin lpbam
2024-05-17 17:02:43,784 [INFO] PluginManage:359 - Loaded plugin lpbam (category:base,tabindex:0)
2024-05-17 17:02:43,785 [INFO] PluginManage:310 - Check plugin memorymap
2024-05-17 17:02:43,792 [INFO] PluginManage:359 - Loaded plugin memorymap (category:base,tabindex:4)
2024-05-17 17:02:43,792 [INFO] PluginManage:310 - Check plugin pinoutandconfiguration
2024-05-17 17:02:43,796 [INFO] PluginManage:359 - Loaded plugin pinoutandconfiguration (category:base,tabindex:1)
2024-05-17 17:02:43,796 [INFO] PluginManage:310 - Check plugin pinoutconfig
2024-05-17 17:02:43,850 [WARN] SupportedApi:132 - Cannot load RTOS API schema: s4s-elt-must-match.1: The content of 'definitions' must match (annotation?, (simpleType | complexType)?, (unique | key | keyref)*)). A problem was found starting at: attribute.
2024-05-17 17:02:43,939 [INFO] PluginManage:359 - Loaded plugin pinoutconfig (category:base,tabindex:0)
2024-05-17 17:02:43,939 [INFO] PluginManage:310 - Check plugin power
2024-05-17 17:02:43,944 [INFO] PluginManage:359 - Loaded plugin power (category:power,tabindex:4)
2024-05-17 17:02:43,944 [INFO] PluginManage:310 - Check plugin projectmanager
2024-05-17 17:02:43,955 [INFO] PluginManage:359 - Loaded plugin projectmanager (category:projectmanager,tabindex:3)
2024-05-17 17:02:43,955 [INFO] PluginManage:310 - Check plugin thirdparty
2024-05-17 17:02:44,053 [WARN] IntegrityCheckThread:84 - waiting for thirdparty lock release [integrity check]
2024-05-17 17:02:44,053 [INFO] PluginManage:359 - Loaded plugin thirdparty (category:base,tabindex:-1)
2024-05-17 17:02:44,053 [INFO] PluginManage:310 - Check plugin tools
2024-05-17 17:02:44,053 [INFO] IntegrityCheckThread:86 - entering critical section [integrity check]
2024-05-17 17:02:44,054 [INFO] ThirdPartyUpdaterWithRetryManager:70 - Updater plugin not ready yet. [1/15]
2024-05-17 17:02:44,055 [INFO] PluginManage:359 - Loaded plugin tools (category:base,tabindex:7)
2024-05-17 17:02:44,056 [INFO] PluginManage:310 - Check plugin tutovideos
2024-05-17 17:02:44,162 [INFO] PluginManage:359 - Loaded plugin tutovideos (category:base,tabindex:-1)
2024-05-17 17:02:44,162 [INFO] PluginManage:310 - Check plugin updater
2024-05-17 17:02:44,169 [INFO] PluginManage:359 - Loaded plugin updater (category:base,tabindex:12)
2024-05-17 17:02:44,169 [INFO] PluginManage:310 - Check plugin userauth
2024-05-17 17:02:44,173 [INFO] UserAuth:114 - Init User Auth plugin
2024-05-17 17:02:44,173 [INFO] PluginManage:359 - Loaded plugin userauth (category:base,tabindex:14)
2024-05-17 17:02:44,174 [INFO] PluginManage:283 - PluginManage : Loaded plugins [17]
2024-05-17 17:02:44,314 [INFO] PinOutPanel:1561 - setPackage(No Configuration,No Configuration)
2024-05-17 17:02:44,363 [INFO] CADModel:165 - CPN selected for project level
2024-05-17 17:02:44,363 [INFO] CADModel:114 - Register for checkConnection events
2024-05-17 17:02:44,373 [INFO] IPUIPlugin:80 - create IPUIPlugin
2024-05-17 17:02:44,373 [INFO] PluginManager:220 - loadIPPluginJar : add adc
2024-05-17 17:02:44,376 [INFO] IPUIPlugin:80 - create IPUIPlugin
2024-05-17 17:02:44,376 [INFO] PluginManager:220 - loadIPPluginJar : add aes
2024-05-17 17:02:44,376 [INFO] IPUIPlugin:80 - create IPUIPlugin
2024-05-17 17:02:44,377 [INFO] PluginManager:220 - loadIPPluginJar : add can
2024-05-17 17:02:44,377 [INFO] IPUIPlugin:80 - create IPUIPlugin
2024-05-17 17:02:44,378 [INFO] PluginManager:220 - loadIPPluginJar : add comp
2024-05-17 17:02:44,380 [INFO] IPUIPlugin:80 - create IPUIPlugin
2024-05-17 17:02:44,380 [INFO] PluginManager:220 - loadIPPluginJar : add cryp
2024-05-17 17:02:44,381 [INFO] IPUIPlugin:80 - create IPUIPlugin
2024-05-17 17:02:44,381 [INFO] PluginManager:220 - loadIPPluginJar : add dfsdm
2024-05-17 17:02:44,384 [INFO] IPUIPlugin:80 - create IPUIPlugin
2024-05-17 17:02:44,385 [INFO] PluginManager:220 - loadIPPluginJar : add dma
2024-05-17 17:02:44,386 [INFO] IPUIPlugin:80 - create IPUIPlugin
2024-05-17 17:02:44,386 [INFO] PluginManager:220 - loadIPPluginJar : add dma3
2024-05-17 17:02:44,386 [INFO] IPUIPlugin:80 - create IPUIPlugin
2024-05-17 17:02:44,386 [INFO] PluginManager:220 - loadIPPluginJar : add extmemmanager
2024-05-17 17:02:44,388 [INFO] IPUIPlugin:80 - create IPUIPlugin
2024-05-17 17:02:44,388 [INFO] PluginManager:220 - loadIPPluginJar : add fatfs
2024-05-17 17:02:44,391 [INFO] IPUIPlugin:80 - create IPUIPlugin
2024-05-17 17:02:44,391 [INFO] PluginManager:220 - loadIPPluginJar : add fmc
2024-05-17 17:02:44,394 [INFO] IPUIPlugin:80 - create IPUIPlugin
2024-05-17 17:02:44,394 [INFO] PluginManager:220 - loadIPPluginJar : add freertos
2024-05-17 17:02:44,395 [INFO] IPUIPlugin:80 - create IPUIPlugin
2024-05-17 17:02:44,395 [INFO] PluginManager:220 - loadIPPluginJar : add genericplugin
2024-05-17 17:02:44,397 [INFO] IPUIPlugin:80 - create IPUIPlugin
2024-05-17 17:02:44,397 [INFO] PluginManager:220 - loadIPPluginJar : add gfxmmu
2024-05-17 17:02:44,400 [INFO] IPUIPlugin:80 - create IPUIPlugin
2024-05-17 17:02:44,400 [INFO] PluginManager:220 - loadIPPluginJar : add gic
2024-05-17 17:02:44,402 [INFO] IPUIPlugin:80 - create IPUIPlugin
2024-05-17 17:02:44,402 [INFO] PluginManager:220 - loadIPPluginJar : add gpio
2024-05-17 17:02:44,403 [INFO] IPUIPlugin:80 - create IPUIPlugin
2024-05-17 17:02:44,403 [INFO] PluginManager:220 - loadIPPluginJar : add gtzc
2024-05-17 17:02:44,404 [INFO] IPUIPlugin:80 - create IPUIPlugin
2024-05-17 17:02:44,404 [INFO] PluginManager:220 - loadIPPluginJar : add hash
2024-05-17 17:02:44,406 [INFO] IPUIPlugin:80 - create IPUIPlugin
2024-05-17 17:02:44,406 [INFO] PluginManager:220 - loadIPPluginJar : add i2c
2024-05-17 17:02:44,407 [INFO] IPUIPlugin:80 - create IPUIPlugin
2024-05-17 17:02:44,407 [INFO] PluginManager:220 - loadIPPluginJar : add i2s
2024-05-17 17:02:44,414 [INFO] IPUIPlugin:80 - create IPUIPlugin
2024-05-17 17:02:44,414 [INFO] PluginManager:220 - loadIPPluginJar : add i3c
2024-05-17 17:02:44,416 [INFO] IPUIPlugin:80 - create IPUIPlugin
2024-05-17 17:02:44,416 [INFO] PluginManager:220 - loadIPPluginJar : add ipddr
2024-05-17 17:02:44,422 [INFO] IPUIPlugin:80 - create IPUIPlugin
2024-05-17 17:02:44,423 [INFO] PluginManager:220 - loadIPPluginJar : add linkedlist
2024-05-17 17:02:44,425 [INFO] IPUIPlugin:80 - create IPUIPlugin
2024-05-17 17:02:44,426 [INFO] PluginManager:220 - loadIPPluginJar : add lorawan
2024-05-17 17:02:44,427 [INFO] IPUIPlugin:80 - create IPUIPlugin
2024-05-17 17:02:44,427 [INFO] PluginManager:220 - loadIPPluginJar : add ltdc
2024-05-17 17:02:44,433 [INFO] IPUIPlugin:80 - create IPUIPlugin
2024-05-17 17:02:44,433 [INFO] PluginManager:220 - loadIPPluginJar : add mdma
2024-05-17 17:02:44,437 [INFO] IPUIPlugin:80 - create IPUIPlugin
2024-05-17 17:02:44,437 [INFO] PluginManager:220 - loadIPPluginJar : add nvic
2024-05-17 17:02:44,441 [INFO] IPUIPlugin:80 - create IPUIPlugin
2024-05-17 17:02:44,441 [INFO] PluginManager:220 - loadIPPluginJar : add opamp
2024-05-17 17:02:44,455 [INFO] IPUIPlugin:80 - create IPUIPlugin
2024-05-17 17:02:44,455 [INFO] PluginManager:220 - loadIPPluginJar : add openamp
2024-05-17 17:02:44,459 [INFO] IPUIPlugin:80 - create IPUIPlugin
2024-05-17 17:02:44,459 [INFO] PluginManager:220 - loadIPPluginJar : add pdm2pcm
2024-05-17 17:02:44,467 [INFO] IPUIPlugin:80 - create IPUIPlugin
2024-05-17 17:02:44,470 [INFO] PluginManager:220 - loadIPPluginJar : add plateformsettings
2024-05-17 17:02:44,472 [INFO] IPUIPlugin:80 - create IPUIPlugin
2024-05-17 17:02:44,472 [INFO] PluginManager:220 - loadIPPluginJar : add quadspi
2024-05-17 17:02:44,475 [INFO] IPUIPlugin:80 - create IPUIPlugin
2024-05-17 17:02:44,475 [INFO] PluginManager:220 - loadIPPluginJar : add resmgrutility
2024-05-17 17:02:44,477 [INFO] IPUIPlugin:80 - create IPUIPlugin
2024-05-17 17:02:44,477 [INFO] PluginManager:220 - loadIPPluginJar : add sai
2024-05-17 17:02:44,478 [INFO] IPUIPlugin:80 - create IPUIPlugin
2024-05-17 17:02:44,478 [INFO] PluginManager:220 - loadIPPluginJar : add spi
2024-05-17 17:02:44,481 [INFO] IPUIPlugin:80 - create IPUIPlugin
2024-05-17 17:02:44,481 [INFO] PluginManager:220 - loadIPPluginJar : add stm32_wpan
2024-05-17 17:02:44,482 [INFO] IPUIPlugin:80 - create IPUIPlugin
2024-05-17 17:02:44,482 [INFO] PluginManager:220 - loadIPPluginJar : add tim
2024-05-17 17:02:44,484 [INFO] IPUIPlugin:80 - create IPUIPlugin
2024-05-17 17:02:44,484 [INFO] PluginManager:220 - loadIPPluginJar : add touchsensing
2024-05-17 17:02:44,485 [INFO] IPUIPlugin:80 - create IPUIPlugin
2024-05-17 17:02:44,485 [INFO] PluginManager:220 - loadIPPluginJar : add tracer_emb
2024-05-17 17:02:44,486 [INFO] IPUIPlugin:80 - create IPUIPlugin
2024-05-17 17:02:44,486 [INFO] PluginManager:220 - loadIPPluginJar : add ts
2024-05-17 17:02:44,487 [INFO] IPUIPlugin:80 - create IPUIPlugin
2024-05-17 17:02:44,487 [INFO] PluginManager:220 - loadIPPluginJar : add tsc
2024-05-17 17:02:44,488 [INFO] IPUIPlugin:80 - create IPUIPlugin
2024-05-17 17:02:44,488 [INFO] PluginManager:220 - loadIPPluginJar : add ucpd
2024-05-17 17:02:44,490 [INFO] IPUIPlugin:80 - create IPUIPlugin
2024-05-17 17:02:44,490 [INFO] PluginManager:220 - loadIPPluginJar : add usart
2024-05-17 17:02:44,493 [INFO] IPUIPlugin:80 - create IPUIPlugin
2024-05-17 17:02:44,493 [INFO] PluginManager:220 - loadIPPluginJar : add usbx
2024-05-17 17:02:44,598 [INFO] CADModel:165 - CPN selected for project level
2024-05-17 17:02:44,598 [INFO] CADModel:114 - Register for checkConnection events
2024-05-17 17:02:44,598 [FATAL] Updater:308 - Updater called before beeing initialized
2024-05-17 17:02:44,598 [ERROR] CADModel:125 - Updater not yet initialized, retry later 
2024-05-17 17:02:44,689 [INFO] CADModel:165 - CPN selected for project level
2024-05-17 17:02:44,689 [INFO] CADModel:114 - Register for checkConnection events
2024-05-17 17:02:44,689 [FATAL] Updater:308 - Updater called before beeing initialized
2024-05-17 17:02:44,689 [ERROR] CADModel:125 - Updater not yet initialized, retry later 
2024-05-17 17:02:44,691 [FATAL] Updater:308 - Updater called before beeing initialized
2024-05-17 17:02:44,763 [FATAL] Updater:308 - Updater called before beeing initialized
2024-05-17 17:02:44,766 [INFO] DbMcusAds:53 - JSON generation date=Thu Sep 30 14:55:09 SGT 2021 (1632984909247)
2024-05-17 17:02:44,766 [FATAL] Updater:308 - Updater called before beeing initialized
2024-05-17 17:02:44,786 [WARN] DetailPanel:346 - Failed to get advertising image, set to default
2024-05-17 17:02:44,841 [FATAL] Updater:308 - Updater called before beeing initialized
2024-05-17 17:02:44,842 [FATAL] Updater:308 - Updater called before beeing initialized
2024-05-17 17:02:44,842 [FATAL] Updater:308 - Updater called before beeing initialized
2024-05-17 17:02:44,842 [WARN] DetailPanel:346 - Failed to get advertising image, set to default
2024-05-17 17:02:44,843 [FATAL] Updater:308 - Updater called before beeing initialized
2024-05-17 17:02:44,871 [ERROR] Updater:1120 - MainUpdater not yet initialized. External WinMGr cannot be set.
2024-05-17 17:02:44,872 [INFO] Updater:1056 - Updater Version found : 6.11.1
2024-05-17 17:02:44,882 [INFO] ApplicationProperties:184 - Using Application install path: C:\ST\STM32CubeIDE_1.15.1\STM32CubeIDE\plugins\com.st.stm32cube.common.mx_6.11.1.202404110753
2024-05-17 17:02:46,460 [ERROR] LogOutputStream:75 - [STDERR_REDIRECT] May 17, 2024 5:02:46 PM java.util.prefs.WindowsPreferences <init>
2024-05-17 17:02:46,462 [ERROR] LogOutputStream:75 - [STDERR_REDIRECT] WARNING: Could not open/create prefs root node Software\JavaSoft\Prefs at root 0xffffffff80000002. Windows RegCreateKeyEx(...) returned error code 5.
2024-05-17 17:02:46,462 [ERROR] LogOutputStream:75 - [STDERR_REDIRECT] 
2024-05-17 17:02:46,693 [INFO] MainUpdater:2873 - connection check result : 10
2024-05-17 17:02:46,694 [INFO] MainUpdater:290 - Updater Check For Update Now.
2024-05-17 17:02:46,694 [INFO] MicroXplorer:498 - Change Database Version : DB.6.0.111
2024-05-17 17:02:46,699 [INFO] McuFinderGlobals:63 - Set McuFinder mode to 2 (CubeIDE integrated)
2024-05-17 17:02:46,699 [INFO] UserAuth:179 - activating auth plugin
2024-05-17 17:02:46,712 [INFO] UserAuth:415 - Internet connection configuration mode: 1
2024-05-17 17:02:46,741 [INFO] JxBrowserEngine:152 - Initiate JxBrowser Engine with user profile folder
2024-05-17 17:02:46,872 [INFO] CheckServerUpdateThread:120 - End of CheckServer Thread
2024-05-17 17:02:47,204 [WARN] PackLoader:240 - Cannot read IP mode file for STMicroelectronics.FP-SNS-MOTENVWB1.1.4.0
2024-05-17 17:02:47,219 [WARN] PackLoader:240 - Cannot read IP mode file for STMicroelectronics.X-CUBE-SMBUS.2.1.0
2024-05-17 17:02:47,225 [WARN] PackLoader:240 - Cannot read IP mode file for STMicroelectronics.X-CUBE-TOUCHGFX.4.23.2
2024-05-17 17:02:47,231 [INFO] WebApp:161 - Instantiating new browser for Auth
2024-05-17 17:02:47,249 [WARN] PackLoader:240 - Cannot read IP mode file for STMicroelectronics.X-CUBE-AZRTOS-F7.1.1.0
2024-05-17 17:02:47,261 [WARN] PackLoader:240 - Cannot read IP mode file for STMicroelectronics.FP-SNS-FLIGHT1.5.0.2
2024-05-17 17:02:47,270 [WARN] PackLoader:240 - Cannot read IP mode file for STMicroelectronics.X-CUBE-DISPLAY.3.0.0
2024-05-17 17:02:47,288 [WARN] PackLoader:240 - Cannot read IP mode file for STMicroelectronics.X-CUBE-BLE1.7.0.0
2024-05-17 17:02:47,294 [WARN] PackLoader:240 - Cannot read IP mode file for emotas.I-CUBE-CANOPEN.1.3.0
2024-05-17 17:02:47,304 [WARN] PackLoader:240 - Cannot read IP mode file for STMicroelectronics.X-CUBE-BLEMGR.3.1.0
2024-05-17 17:02:47,309 [WARN] PackLoader:240 - Cannot read IP mode file for STMicroelectronics.FP-SNS-SMARTAG2.1.2.0
2024-05-17 17:02:47,318 [INFO] LogOutputStream:77 - [STDOUT_REDIRECT] 1 : Invalid condition id : UX_CORESTACK_Condition cause : null
2024-05-17 17:02:47,320 [INFO] LogOutputStream:77 - [STDOUT_REDIRECT] 1 : Invalid condition id : UX_CORESTACK_Condition cause : null
2024-05-17 17:02:47,321 [INFO] LogOutputStream:77 - [STDOUT_REDIRECT] 1 : Invalid condition id : UX_CORESTACK_Condition cause : null
2024-05-17 17:02:47,322 [INFO] LogOutputStream:77 - [STDOUT_REDIRECT] 1 : Invalid condition id : UX_CORESTACK_Condition cause : null
2024-05-17 17:02:47,323 [INFO] LogOutputStream:77 - [STDOUT_REDIRECT] 1 : Invalid condition id : UX_CORESTACK_Condition cause : null
2024-05-17 17:02:47,326 [WARN] PackLoader:240 - Cannot read IP mode file for STMicroelectronics.X-CUBE-AZRTOS-WL.2.0.0
2024-05-17 17:02:47,330 [WARN] PackLoader:240 - Cannot read IP mode file for STMicroelectronics.FP-SNS-MOTENV1.5.0.0
2024-05-17 17:02:47,341 [WARN] PackLoader:240 - Cannot read IP mode file for WES.I-CUBE-Cesium.1.3.0
2024-05-17 17:02:47,345 [WARN] PackLoader:240 - Cannot read IP mode file for STMicroelectronics.X-CUBE-BLE2.3.3.0
2024-05-17 17:02:47,350 [WARN] PackLoader:240 - Cannot read IP mode file for STMicroelectronics.X-CUBE-TCPP.4.1.0
2024-05-17 17:02:47,365 [WARN] PackLoader:240 - Cannot read IP mode file for STMicroelectronics.X-CUBE-AZRTOS-G0.1.1.0
2024-05-17 17:02:47,371 [WARN] PackLoader:240 - Cannot read IP mode file for STMicroelectronics.X-CUBE-SAFEA1.1.2.2
2024-05-17 17:02:47,377 [WARN] PackLoader:240 - Cannot read IP mode file for STMicroelectronics.X-CUBE-NFC4.3.0.0
2024-05-17 17:02:47,382 [WARN] PackLoader:240 - Cannot read IP mode file for wolfSSL.I-CUBE-wolfSSL.5.7.0
2024-05-17 17:02:47,385 [WARN] PackLoader:240 - Cannot read IP mode file for STMicroelectronics.FP-ATR-SIGFOX1.3.2.0
2024-05-17 17:02:47,390 [WARN] PackLoader:240 - Cannot read IP mode file for STMicroelectronics.X-CUBE-EEPRMA1.5.1.0
2024-05-17 17:02:47,396 [WARN] PackLoader:240 - Cannot read IP mode file for ITTIA_DB.I-CUBE-ITTIADB.8.9.0
2024-05-17 17:02:47,403 [WARN] PackLoader:240 - Cannot read IP mode file for STMicroelectronics.X-CUBE-ALGOBUILD.1.4.0
2024-05-17 17:02:47,408 [WARN] PackLoader:240 - Cannot read IP mode file for STMicroelectronics.X-CUBE-GNSS1.6.0.0
2024-05-17 17:02:47,419 [WARN] PackLoader:240 - Cannot read IP mode file for STMicroelectronics.X-CUBE-AZRTOS-F4.1.1.0
2024-05-17 17:02:47,427 [WARN] PackLoader:240 - Cannot read IP mode file for STMicroelectronics.X-CUBE-FREERTOS.1.2.0
2024-05-17 17:02:47,437 [WARN] PackLoader:240 - Cannot read IP mode file for STMicroelectronics.X-CUBE-AZRTOS-L5.2.0.0
2024-05-17 17:02:47,444 [WARN] PackLoader:240 - Cannot read IP mode file for STMicroelectronics.X-CUBE-NFC6.3.1.0
2024-05-17 17:02:47,448 [WARN] PackLoader:240 - Cannot read IP mode file for STMicroelectronics.X-CUBE-AI.9.0.0
2024-05-17 17:02:47,452 [WARN] PackLoader:240 - Cannot read IP mode file for STMicroelectronics.X-CUBE-NFC7.1.0.1
2024-05-17 17:02:47,462 [WARN] ConditionMgr:438 - getConditionDescription Invalid condition id : LAN8742 Phy interface Condition cause : null
2024-05-17 17:02:47,463 [WARN] PackLoader:240 - Cannot read IP mode file for STMicroelectronics.X-CUBE-AZRTOS-L4.2.0.0
2024-05-17 17:02:47,464 [WARN] ConditionMgr:1039 - genDependencies : Invalid condition id : LAN8742 Phy interface Condition cause : null
2024-05-17 17:02:47,464 [WARN] ConditionMgr:1039 - genDependencies : Invalid condition id : LAN8742 Phy interface Condition cause : null
2024-05-17 17:02:47,464 [WARN] ConditionMgr:1039 - genDependencies : Invalid condition id : LAN8742 Phy interface Condition cause : null
2024-05-17 17:02:47,470 [WARN] PackLoader:240 - Cannot read IP mode file for STMicroelectronics.X-CUBE-SFXS2LP1.4.0.0
2024-05-17 17:02:47,480 [WARN] ConditionMgr:438 - getConditionDescription Invalid condition id : UX DEVICE CLASS RTOS Condition cause : null
2024-05-17 17:02:47,480 [WARN] ConditionMgr:438 - getConditionDescription Invalid condition id : UX DEVICE CLASS RTOS Condition cause : null
2024-05-17 17:02:47,481 [WARN] PackLoader:240 - Cannot read IP mode file for STMicroelectronics.X-CUBE-AZRTOS-WB.2.0.0
2024-05-17 17:02:47,482 [WARN] ConditionMgr:1039 - genDependencies : Invalid condition id : UX DEVICE CLASS RTOS Condition cause : null
2024-05-17 17:02:47,482 [WARN] ConditionMgr:1039 - genDependencies : Invalid condition id : UX DEVICE CLASS RTOS Condition cause : null
2024-05-17 17:02:47,482 [WARN] ConditionMgr:1039 - genDependencies : Invalid condition id : UX DEVICE CLASS RTOS Condition cause : null
2024-05-17 17:02:47,483 [WARN] ConditionMgr:1039 - genDependencies : Invalid condition id : UX DEVICE CLASS RTOS Condition cause : null
2024-05-17 17:02:47,483 [WARN] ConditionMgr:1039 - genDependencies : Invalid condition id : UX DEVICE CLASS RTOS Condition cause : null
2024-05-17 17:02:47,493 [WARN] PackLoader:240 - Cannot read IP mode file for STMicroelectronics.X-CUBE-SUBG2.5.0.0
2024-05-17 17:02:47,500 [WARN] PackLoader:240 - Cannot read IP mode file for Cesanta.I-CUBE-Mongoose.7.13.0
2024-05-17 17:02:47,507 [WARN] PackLoader:240 - Cannot read IP mode file for STMicroelectronics.X-CUBE-AZRTOS-G4.2.0.0
2024-05-17 17:02:47,513 [WARN] PackLoader:240 - Cannot read IP mode file for STMicroelectronics.X-CUBE-ISPU.2.0.0
2024-05-17 17:02:47,540 [WARN] PackLoader:240 - Cannot read IP mode file for STMicroelectronics.X-CUBE-MEMS1.10.0.0
2024-05-17 17:02:47,614 [WARN] PackLoader:240 - Cannot read IP mode file for portGmbH.I-Cube-SoM-uGOAL.1.1.0
2024-05-17 17:02:47,617 [WARN] PackLoader:240 - Cannot read IP mode file for STMicroelectronics.X-CUBE-ALS.1.0.1
2024-05-17 17:02:47,626 [WARN] PackLoader:240 - Cannot read IP mode file for STMicroelectronics.X-CUBE-AZRTOS-H7RS.1.0.0
2024-05-17 17:02:47,634 [WARN] PackLoader:240 - Cannot read IP mode file for STMicroelectronics.FP-ATR-ASTRA1.2.0.0
2024-05-17 17:02:47,640 [WARN] PackLoader:240 - Cannot read IP mode file for STMicroelectronics.X-CUBE-TOF1.3.4.1
2024-05-17 17:02:47,655 [WARN] PackLoader:240 - Cannot read IP mode file for STMicroelectronics.X-CUBE-AZRTOS-H7.3.2.0
2024-05-17 17:02:47,664 [WARN] PackLoader:240 - Cannot read IP mode file for Infineon.AIROC-Wi-Fi-Bluetooth-STM32.1.6.0
2024-05-17 17:02:47,668 [INFO] ThirdParty:978 - Integrity check success = true
2024-05-17 17:02:47,669 [INFO] IntegrityCheckThread:100 - exiting critical section [integrity check]
2024-05-17 17:02:47,669 [INFO] IntegrityCheckThread:103 - End integrity checks thread
2024-05-17 17:02:48,304 [INFO] WebApp:779 - Register for checkConnection events
2024-05-17 17:02:48,305 [INFO] WebApp:414 - Apply proxy settings
2024-05-17 17:02:48,305 [INFO] WebApp:499 - Chromium requires no authentication
2024-05-17 17:02:48,309 [INFO] WebApp:442 - Direct internet connection detected
2024-05-17 17:02:48,402 [INFO] WebApp:192 - Starting web application
2024-05-17 17:02:48,402 [INFO] WebApp:544 - Web application path used C:\ST\STM32CubeIDE_1.15.1\STM32CubeIDE\plugins\com.st.stm32cube.common.mx_6.11.1.202404110753\db\plugins\mcufinder\reactClient1\index.html
